<?xml version="1.0" encoding="utf-8"?><testsuites><testsuite errors="0" failures="0" hostname="astraw-ltap" name="pytest" skipped="0" tests="88" time="19.997" timestamp="2020-10-01T08:31:54.075274"><testcase classname="tests.unittests.test_attr_conversions.TestAttrConversions" name="test_to_long" time="0.229"><properties><property name="hypothesis-stats" value="tests/unittests/test_attr_conversions.py::TestAttrConversions::test_to_long:&#10;&#10;  - during reuse phase (0.00 seconds):&#10;    - Typical runtimes: ~ 1ms, ~ 36% in data generation&#10;    - 1 passing examples, 0 failing examples, 0 invalid examples&#10;&#10;  - during generate phase (0.20 seconds):&#10;    - Typical runtimes: 0-1 ms, ~ 54% in data generation&#10;    - 99 passing examples, 0 failing examples, 2 invalid examples&#10;&#10;  - Stopped because settings.max_examples=100" /></properties></testcase><testcase classname="tests.unittests.test_attr_conversions.TestAttrConversions" name="test_to_long_neg_overflow" time="0.159"><properties><property name="hypothesis-stats" value="tests/unittests/test_attr_conversions.py::TestAttrConversions::test_to_long_neg_overflow:&#10;&#10;  - during reuse phase (0.00 seconds):&#10;    - Typical runtimes: ~ 1ms, ~ 50% in data generation&#10;    - 1 passing examples, 0 failing examples, 0 invalid examples&#10;&#10;  - during generate phase (0.15 seconds):&#10;    - Typical runtimes: 0-1 ms, ~ 48% in data generation&#10;    - 99 passing examples, 0 failing examples, 0 invalid examples&#10;&#10;  - Stopped because settings.max_examples=100" /></properties></testcase><testcase classname="tests.unittests.test_attr_conversions.TestAttrConversions" name="test_to_long_fail" time="0.453"><properties><property name="hypothesis-stats" value="tests/unittests/test_attr_conversions.py::TestAttrConversions::test_to_long_fail:&#10;&#10;  - during reuse phase (0.01 seconds):&#10;    - Typical runtimes: 1-2 ms, ~ 58% in data generation&#10;    - 4 passing examples, 0 failing examples, 0 invalid examples&#10;&#10;  - during generate phase (0.41 seconds):&#10;    - Typical runtimes: 0-3 ms, ~ 70% in data generation&#10;    - 96 passing examples, 0 failing examples, 12 invalid examples&#10;&#10;  - Stopped because settings.max_examples=100" /></properties></testcase><testcase classname="tests.unittests.test_attr_conversions.TestAttrConversions" name="test_to_bool" time="0.007"><properties><property name="hypothesis-stats" value="tests/unittests/test_attr_conversions.py::TestAttrConversions::test_to_bool:&#10;&#10;  - during reuse phase (0.00 seconds):&#10;    - Typical runtimes: &lt; 1ms, ~ 30% in data generation&#10;    - 1 passing examples, 0 failing examples, 0 invalid examples&#10;&#10;  - during generate phase (0.00 seconds):&#10;    - Typical runtimes: &lt; 1ms, ~ 42% in data generation&#10;    - 1 passing examples, 0 failing examples, 0 invalid examples&#10;&#10;  - Stopped because nothing left to do" /></properties></testcase><testcase classname="tests.unittests.test_attr_conversions.TestAttrConversions" name="test_to_bool_int" time="0.170"><properties><property name="hypothesis-stats" value="tests/unittests/test_attr_conversions.py::TestAttrConversions::test_to_bool_int:&#10;&#10;  - during reuse phase (0.00 seconds):&#10;    - Typical runtimes: ~ 2ms, ~ 41% in data generation&#10;    - 1 passing examples, 0 failing examples, 0 invalid examples&#10;&#10;  - during generate phase (0.16 seconds):&#10;    - Typical runtimes: 0-1 ms, ~ 55% in data generation&#10;    - 99 passing examples, 0 failing examples, 0 invalid examples&#10;&#10;  - Stopped because settings.max_examples=100" /></properties></testcase><testcase classname="tests.unittests.test_attr_conversions.TestAttrConversions" name="test_to_bool_fail" time="0.430"><properties><property name="hypothesis-stats" value="tests/unittests/test_attr_conversions.py::TestAttrConversions::test_to_bool_fail:&#10;&#10;  - during reuse phase (0.01 seconds):&#10;    - Typical runtimes: 0-1 ms, ~ 62% in data generation&#10;    - 4 passing examples, 0 failing examples, 0 invalid examples&#10;&#10;  - during generate phase (0.42 seconds):&#10;    - Typical runtimes: 0-3 ms, ~ 63% in data generation&#10;    - 96 passing examples, 0 failing examples, 13 invalid examples&#10;&#10;  - Stopped because settings.max_examples=100" /></properties></testcase><testcase classname="tests.unittests.test_attr_conversions.TestAttrConversions" name="test_to_char_array_string" time="0.308"><properties><property name="hypothesis-stats" value="tests/unittests/test_attr_conversions.py::TestAttrConversions::test_to_char_array_string:&#10;&#10;  - during reuse phase (0.01 seconds):&#10;    - Typical runtimes: ~ 1ms, ~ 44% in data generation&#10;    - 2 passing examples, 0 failing examples, 0 invalid examples&#10;&#10;  - during generate phase (0.30 seconds):&#10;    - Typical runtimes: 0-2 ms, ~ 67% in data generation&#10;    - 98 passing examples, 0 failing examples, 3 invalid examples&#10;&#10;  - Stopped because settings.max_examples=100" /></properties></testcase><testcase classname="tests.unittests.test_attr_conversions.TestAttrConversions" name="test_to_char_array_list" time="0.360"><properties><property name="hypothesis-stats" value="tests/unittests/test_attr_conversions.py::TestAttrConversions::test_to_char_array_list:&#10;&#10;  - during reuse phase (0.00 seconds):&#10;    - Typical runtimes: ~ 1ms, ~ 37% in data generation&#10;    - 1 passing examples, 0 failing examples, 0 invalid examples&#10;&#10;  - during generate phase (0.35 seconds):&#10;    - Typical runtimes: 0-4 ms, ~ 72% in data generation&#10;    - 99 passing examples, 0 failing examples, 2 invalid examples&#10;&#10;  - Stopped because settings.max_examples=100" /></properties></testcase><testcase classname="tests.unittests.test_attr_conversions.TestAttrConversions" name="test_to_char_array_fail_obj" time="0.001" /><testcase classname="tests.unittests.test_attr_conversions.TestAttrConversions" name="test_to_ck_date_string" time="0.144"><properties><property name="hypothesis-stats" value="tests/unittests/test_attr_conversions.py::TestAttrConversions::test_to_ck_date_string:&#10;&#10;  - during reuse phase (0.00 seconds):&#10;    - Typical runtimes: ~ 1ms, ~ 57% in data generation&#10;    - 1 passing examples, 0 failing examples, 0 invalid examples&#10;&#10;  - during generate phase (0.14 seconds):&#10;    - Typical runtimes: 0-1 ms, ~ 49% in data generation&#10;    - 99 passing examples, 0 failing examples, 0 invalid examples&#10;&#10;  - Stopped because settings.max_examples=100" /></properties></testcase><testcase classname="tests.unittests.test_attr_conversions.TestAttrConversions" name="test_to_ck_date_dict" time="0.154"><properties><property name="hypothesis-stats" value="tests/unittests/test_attr_conversions.py::TestAttrConversions::test_to_ck_date_dict:&#10;&#10;  - during reuse phase (0.00 seconds):&#10;    - Typical runtimes: ~ 1ms, ~ 53% in data generation&#10;    - 1 passing examples, 0 failing examples, 0 invalid examples&#10;&#10;  - during generate phase (0.15 seconds):&#10;    - Typical runtimes: 0-1 ms, ~ 48% in data generation&#10;    - 99 passing examples, 0 failing examples, 0 invalid examples&#10;&#10;  - Stopped because settings.max_examples=100" /></properties></testcase><testcase classname="tests.unittests.test_attr_conversions.TestAttrConversions" name="test_to_ck_date" time="0.144"><properties><property name="hypothesis-stats" value="tests/unittests/test_attr_conversions.py::TestAttrConversions::test_to_ck_date:&#10;&#10;  - during reuse phase (0.00 seconds):&#10;    - Typical runtimes: &lt; 1ms, ~ 41% in data generation&#10;    - 1 passing examples, 0 failing examples, 0 invalid examples&#10;&#10;  - during generate phase (0.14 seconds):&#10;    - Typical runtimes: 0-1 ms, ~ 48% in data generation&#10;    - 99 passing examples, 0 failing examples, 0 invalid examples&#10;&#10;  - Stopped because settings.max_examples=100" /></properties></testcase><testcase classname="tests.unittests.test_attr_conversions.TestAttrConversions" name="test_to_ck_date_fail_obj" time="0.001" /><testcase classname="tests.unittests.test_attr_conversions.TestAttrConversions" name="test_to_byte_array" time="0.279"><properties><property name="hypothesis-stats" value="tests/unittests/test_attr_conversions.py::TestAttrConversions::test_to_byte_array:&#10;&#10;  - during reuse phase (0.00 seconds):&#10;    - Typical runtimes: ~ 1ms, ~ 46% in data generation&#10;    - 1 passing examples, 0 failing examples, 0 invalid examples&#10;&#10;  - during generate phase (0.27 seconds):&#10;    - Typical runtimes: 0-2 ms, ~ 67% in data generation&#10;    - 99 passing examples, 0 failing examples, 6 invalid examples&#10;&#10;  - Stopped because settings.max_examples=100" /></properties></testcase><testcase classname="tests.unittests.test_attr_conversions.TestAttrConversions" name="test_to_byte_array_from_hex[plain]" time="0.001" /><testcase classname="tests.unittests.test_attr_conversions.TestAttrConversions" name="test_to_byte_array_from_hex[escaped]" time="0.001" /><testcase classname="tests.unittests.test_attr_conversions.TestAttrConversions" name="test_to_byte_array_from_hex[prefixed]" time="0.001" /><testcase classname="tests.unittests.test_attr_conversions.TestAttrConversions" name="test_byte_to_array_str_leading_zeros" time="0.001" /><testcase classname="tests.unittests.test_attr_conversions.TestAttrConversions" name="test_to_byte_array_int" time="0.153"><properties><property name="hypothesis-stats" value="tests/unittests/test_attr_conversions.py::TestAttrConversions::test_to_byte_array_int:&#10;&#10;  - during reuse phase (0.00 seconds):&#10;    - Typical runtimes: ~ 3ms, ~ 11% in data generation&#10;    - 1 passing examples, 0 failing examples, 0 invalid examples&#10;&#10;  - during generate phase (0.14 seconds):&#10;    - Typical runtimes: 0-1 ms, ~ 46% in data generation&#10;    - 99 passing examples, 0 failing examples, 0 invalid examples&#10;&#10;  - Stopped because settings.max_examples=100" /></properties></testcase><testcase classname="tests.unittests.test_attr_conversions.TestAttrConversions" name="test_to_byte_array_int_neg_overflow" time="0.157"><properties><property name="hypothesis-stats" value="tests/unittests/test_attr_conversions.py::TestAttrConversions::test_to_byte_array_int_neg_overflow:&#10;&#10;  - during reuse phase (0.00 seconds):&#10;    - Typical runtimes: ~ 1ms, ~ 40% in data generation&#10;    - 1 passing examples, 0 failing examples, 0 invalid examples&#10;&#10;  - during generate phase (0.15 seconds):&#10;    - Typical runtimes: 0-1 ms, ~ 46% in data generation&#10;    - 99 passing examples, 0 failing examples, 0 invalid examples&#10;&#10;  - Stopped because settings.max_examples=100" /></properties></testcase><testcase classname="tests.unittests.test_attr_conversions.TestAttrConversions" name="test_to_byte_array_list" time="0.290"><properties><property name="hypothesis-stats" value="tests/unittests/test_attr_conversions.py::TestAttrConversions::test_to_byte_array_list:&#10;&#10;  - during reuse phase (0.00 seconds):&#10;    - Typical runtimes: 0-1 ms, ~ 37% in data generation&#10;    - 2 passing examples, 0 failing examples, 0 invalid examples&#10;&#10;  - during generate phase (0.28 seconds):&#10;    - Typical runtimes: 0-2 ms, ~ 64% in data generation&#10;    - 98 passing examples, 0 failing examples, 1 invalid examples&#10;&#10;  - Stopped because settings.max_examples=100" /></properties></testcase><testcase classname="tests.unittests.test_attr_conversions.TestAttrConversions" name="test_to_byte_array_list_fail_big" time="0.442"><properties><property name="hypothesis-stats" value="tests/unittests/test_attr_conversions.py::TestAttrConversions::test_to_byte_array_list_fail_big:&#10;&#10;  - during reuse phase (0.00 seconds):&#10;    - Typical runtimes: &lt; 1ms, ~ 48% in data generation&#10;    - 1 passing examples, 0 failing examples, 0 invalid examples&#10;&#10;  - during generate phase (0.44 seconds):&#10;    - Typical runtimes: 0-5 ms, ~ 73% in data generation&#10;    - 99 passing examples, 0 failing examples, 3 invalid examples&#10;&#10;  - Stopped because settings.max_examples=100" /></properties></testcase><testcase classname="tests.unittests.test_attr_conversions.TestAttrConversions" name="test_to_byte_array_list_fail_neg" time="0.411"><properties><property name="hypothesis-stats" value="tests/unittests/test_attr_conversions.py::TestAttrConversions::test_to_byte_array_list_fail_neg:&#10;&#10;  - during reuse phase (0.00 seconds):&#10;    - Typical runtimes: ~ 1ms, ~ 45% in data generation&#10;    - 1 passing examples, 0 failing examples, 0 invalid examples&#10;&#10;  - during generate phase (0.40 seconds):&#10;    - Typical runtimes: 0-4 ms, ~ 73% in data generation&#10;    - 99 passing examples, 0 failing examples, 4 invalid examples&#10;&#10;  - Stopped because settings.max_examples=100" /></properties></testcase><testcase classname="tests.unittests.test_attr_conversions.TestAttrConversions" name="test_to_byte_array_fail_obj" time="0.002" /><testcase classname="tests.unittests.test_attr_conversions.TestAttrConversions" name="test_to_byte_array_fail_str" time="0.305"><properties><property name="hypothesis-stats" value="tests/unittests/test_attr_conversions.py::TestAttrConversions::test_to_byte_array_fail_str:&#10;&#10;  - during reuse phase (0.00 seconds):&#10;    - Typical runtimes: &lt; 1ms, ~ 44% in data generation&#10;    - 1 passing examples, 0 failing examples, 0 invalid examples&#10;&#10;  - during generate phase (0.30 seconds):&#10;    - Typical runtimes: 0-2 ms, ~ 69% in data generation&#10;    - 99 passing examples, 0 failing examples, 3 invalid examples&#10;&#10;  - Stopped because settings.max_examples=100" /></properties></testcase><testcase classname="tests.unittests.test_attr_conversions.TestAttrConversions" name="test_to_byte_array_hexstring" time="0.126"><properties><property name="hypothesis-stats" value="tests/unittests/test_attr_conversions.py::TestAttrConversions::test_to_byte_array_hexstring:&#10;&#10;  - during reuse phase (0.00 seconds):&#10;    - Typical runtimes: &lt; 1ms, ~ 40% in data generation&#10;    - 1 passing examples, 0 failing examples, 0 invalid examples&#10;&#10;  - during generate phase (0.12 seconds):&#10;    - Typical runtimes: &lt; 1ms, ~ 46% in data generation&#10;    - 99 passing examples, 0 failing examples, 0 invalid examples&#10;&#10;  - Stopped because settings.max_examples=100" /></properties></testcase><testcase classname="tests.unittests.test_attr_conversions.TestAttrConversions" name="test_to_sub_attributes" time="0.620"><properties><property name="hypothesis-stats" value="tests/unittests/test_attr_conversions.py::TestAttrConversions::test_to_sub_attributes:&#10;&#10;  - during reuse phase (0.00 seconds):&#10;    - Typical runtimes: ~ 1ms, ~ 50% in data generation&#10;    - 2 passing examples, 0 failing examples, 0 invalid examples&#10;&#10;  - during generate phase (0.61 seconds):&#10;    - Typical runtimes: 0-8 ms, ~ 64% in data generation&#10;    - 98 passing examples, 0 failing examples, 8 invalid examples&#10;    - Events:&#10;      * 13.21%, Retried draw from TupleStrategy((BoundedIntStrategy(1, 4294967295), booleans())).filter(lambda val: all(key(val) not in seen for (key, seen) in zip(self.keys, seen_sets))) to satisfy filter&#10;&#10;  - Stopped because settings.max_examples=100" /></properties></testcase><testcase classname="tests.unittests.test_attr_conversions.TestAttrConversions" name="test_to_sub_attributes_fail" time="0.147"><properties><property name="hypothesis-stats" value="tests/unittests/test_attr_conversions.py::TestAttrConversions::test_to_sub_attributes_fail:&#10;&#10;  - during reuse phase (0.00 seconds):&#10;    - Typical runtimes: ~ 1ms, ~ 41% in data generation&#10;    - 1 passing examples, 0 failing examples, 0 invalid examples&#10;&#10;  - during generate phase (0.14 seconds):&#10;    - Typical runtimes: 0-1 ms, ~ 47% in data generation&#10;    - 99 passing examples, 0 failing examples, 0 invalid examples&#10;&#10;  - Stopped because settings.max_examples=100" /></properties></testcase><testcase classname="tests.unittests.test_attr_conversions.TestAttrConversions" name="test_c_byte_array_to_string" time="0.250"><properties><property name="hypothesis-stats" value="tests/unittests/test_attr_conversions.py::TestAttrConversions::test_c_byte_array_to_string:&#10;&#10;  - during reuse phase (0.00 seconds):&#10;    - Typical runtimes: &lt; 1ms, ~ 46% in data generation&#10;    - 1 passing examples, 0 failing examples, 0 invalid examples&#10;&#10;  - during generate phase (0.24 seconds):&#10;    - Typical runtimes: 0-1 ms, ~ 68% in data generation&#10;    - 99 passing examples, 0 failing examples, 2 invalid examples&#10;&#10;  - Stopped because settings.max_examples=100" /></properties></testcase><testcase classname="tests.unittests.test_attributes.TestAttributes" name="test_no_params" time="0.001" /><testcase classname="tests.unittests.test_attributes.TestAttributes" name="test_null_dictionary" time="0.522"><properties><property name="hypothesis-stats" value="tests/unittests/test_attributes.py::TestAttributes::test_null_dictionary:&#10;&#10;  - during reuse phase (0.00 seconds):&#10;    - Typical runtimes: &lt; 1ms, ~ 54% in data generation&#10;    - 2 passing examples, 0 failing examples, 0 invalid examples&#10;&#10;  - during generate phase (0.51 seconds):&#10;    - Typical runtimes: 0-6 ms, ~ 77% in data generation&#10;    - 98 passing examples, 0 failing examples, 6 invalid examples&#10;    - Events:&#10;      * 16.35%, Retried draw from TupleStrategy((BoundedIntStrategy(1, 4294967295), none())).filter(lambda val: all(key(val) not in seen for (key, seen) in zip(self.keys, seen_sets))) to satisfy filter&#10;&#10;  - Stopped because settings.max_examples=100" /></properties></testcase><testcase classname="tests.unittests.test_attributes.TestAttributes" name="test_full_dictionary" time="0.509"><properties><property name="hypothesis-stats" value="tests/unittests/test_attributes.py::TestAttributes::test_full_dictionary:&#10;&#10;  - during reuse phase (0.00 seconds):&#10;    - Typical runtimes: 0-1 ms, ~ 52% in data generation&#10;    - 2 passing examples, 0 failing examples, 0 invalid examples&#10;&#10;  - during generate phase (0.50 seconds):&#10;    - Typical runtimes: 0-6 ms, ~ 69% in data generation&#10;    - 98 passing examples, 0 failing examples, 7 invalid examples&#10;    - Events:&#10;      * 13.33%, Retried draw from TupleStrategy((BoundedIntStrategy(1, 4294967295), just(1))).filter(lambda val: all(key(val) not in seen for (key, seen) in zip(self.keys, seen_sets))) to satisfy filter&#10;&#10;  - Stopped because settings.max_examples=100" /></properties></testcase><testcase classname="tests.unittests.test_attributes.TestAttributes" name="test_rand_dictionary" time="0.594"><properties><property name="hypothesis-stats" value="tests/unittests/test_attributes.py::TestAttributes::test_rand_dictionary:&#10;&#10;  - during reuse phase (0.01 seconds):&#10;    - Typical runtimes: 1-2 ms, ~ 58% in data generation&#10;    - 2 passing examples, 0 failing examples, 0 invalid examples&#10;&#10;  - during generate phase (0.58 seconds):&#10;    - Typical runtimes: 0-8 ms, ~ 78% in data generation&#10;    - 98 passing examples, 0 failing examples, 9 invalid examples&#10;    - Events:&#10;      * 8.41%, Retried draw from TupleStrategy((BoundedIntStrategy(1, 4294967295), one_of(just(1), none()))).filter(lambda val: all(key(val) not in seen for (key, seen) in zip(self.keys, seen_sets))) to satisfy filter&#10;&#10;  - Stopped because settings.max_examples=100" /></properties></testcase><testcase classname="tests.unittests.test_auto_c_array.TestAutoCArray" name="test_auto_c_array_empty" time="0.022"><properties><property name="hypothesis-stats" value="tests/unittests/test_auto_c_array.py::TestAutoCArray::test_auto_c_array_empty:&#10;&#10;  - during reuse phase (0.00 seconds):&#10;    - Typical runtimes: &lt; 1ms, ~ 28% in data generation&#10;    - 1 passing examples, 0 failing examples, 0 invalid examples&#10;&#10;  - during generate phase (0.02 seconds):&#10;    - Typical runtimes: &lt; 1ms, ~ 35% in data generation&#10;    - 15 passing examples, 0 failing examples, 0 invalid examples&#10;&#10;  - Stopped because nothing left to do" /></properties></testcase><testcase classname="tests.unittests.test_auto_c_array.TestAutoCArray" name="test_auto_c_array_string" time="0.287"><properties><property name="hypothesis-stats" value="tests/unittests/test_auto_c_array.py::TestAutoCArray::test_auto_c_array_string:&#10;&#10;  - during reuse phase (0.00 seconds):&#10;    - Typical runtimes: ~ 1ms, ~ 60% in data generation&#10;    - 2 passing examples, 0 failing examples, 0 invalid examples&#10;&#10;  - during generate phase (0.28 seconds):&#10;    - Typical runtimes: 0-2 ms, ~ 68% in data generation&#10;    - 98 passing examples, 0 failing examples, 2 invalid examples&#10;&#10;  - Stopped because settings.max_examples=100" /></properties></testcase><testcase classname="tests.unittests.test_auto_c_array.TestAutoCArray" name="test_auto_c_array_byte_list" time="0.447"><properties><property name="hypothesis-stats" value="tests/unittests/test_auto_c_array.py::TestAutoCArray::test_auto_c_array_byte_list:&#10;&#10;  - during reuse phase (0.00 seconds):&#10;    - Typical runtimes: ~ 1ms, ~ 51% in data generation&#10;    - 1 passing examples, 0 failing examples, 0 invalid examples&#10;&#10;  - during generate phase (0.44 seconds):&#10;    - Typical runtimes: 0-5 ms, ~ 76% in data generation&#10;    - 99 passing examples, 0 failing examples, 4 invalid examples&#10;&#10;  - Stopped because settings.max_examples=100" /></properties></testcase><testcase classname="tests.unittests.test_auto_c_array.TestAutoCArray" name="test_auto_c_array_ubyte_list" time="0.345"><properties><property name="hypothesis-stats" value="tests/unittests/test_auto_c_array.py::TestAutoCArray::test_auto_c_array_ubyte_list:&#10;&#10;  - during reuse phase (0.00 seconds):&#10;    - Typical runtimes: ~ 1ms, ~ 45% in data generation&#10;    - 1 passing examples, 0 failing examples, 0 invalid examples&#10;&#10;  - during generate phase (0.34 seconds):&#10;    - Typical runtimes: 0-3 ms, ~ 67% in data generation&#10;    - 99 passing examples, 0 failing examples, 3 invalid examples&#10;&#10;  - Stopped because settings.max_examples=100" /></properties></testcase><testcase classname="tests.unittests.test_auto_c_array.TestAutoCArray" name="test_auto_c_array_long_list" time="0.525"><properties><property name="hypothesis-stats" value="tests/unittests/test_auto_c_array.py::TestAutoCArray::test_auto_c_array_long_list:&#10;&#10;  - during reuse phase (0.00 seconds):&#10;    - Typical runtimes: ~ 1ms, ~ 59% in data generation&#10;    - 1 passing examples, 0 failing examples, 0 invalid examples&#10;&#10;  - during generate phase (0.52 seconds):&#10;    - Typical runtimes: 0-9 ms, ~ 77% in data generation&#10;    - 99 passing examples, 0 failing examples, 10 invalid examples&#10;&#10;  - Stopped because settings.max_examples=100" /></properties></testcase><testcase classname="tests.unittests.test_auto_c_array.TestAutoCArray" name="test_auto_c_array_ulong_list" time="0.437"><properties><property name="hypothesis-stats" value="tests/unittests/test_auto_c_array.py::TestAutoCArray::test_auto_c_array_ulong_list:&#10;&#10;  - during reuse phase (0.00 seconds):&#10;    - Typical runtimes: ~ 1ms, ~ 50% in data generation&#10;    - 1 passing examples, 0 failing examples, 0 invalid examples&#10;&#10;  - during generate phase (0.43 seconds):&#10;    - Typical runtimes: 0-5 ms, ~ 74% in data generation&#10;    - 99 passing examples, 0 failing examples, 6 invalid examples&#10;&#10;  - Stopped because settings.max_examples=100" /></properties></testcase><testcase classname="tests.unittests.test_auto_c_array.TestAutoCArray" name="test_auto_c_array_char_list" time="0.386"><properties><property name="hypothesis-stats" value="tests/unittests/test_auto_c_array.py::TestAutoCArray::test_auto_c_array_char_list:&#10;&#10;  - during reuse phase (0.00 seconds):&#10;    - Typical runtimes: &lt; 1ms, ~ 48% in data generation&#10;    - 1 passing examples, 0 failing examples, 0 invalid examples&#10;&#10;  - during generate phase (0.38 seconds):&#10;    - Typical runtimes: 0-4 ms, ~ 75% in data generation&#10;    - 99 passing examples, 0 failing examples, 6 invalid examples&#10;&#10;  - Stopped because settings.max_examples=100" /></properties></testcase><testcase classname="tests.unittests.test_auto_c_array.TestAutoCArray" name="test_auto_c_array_no_type_fail[c_byte]" time="0.254"><properties><property name="hypothesis-stats" value="tests/unittests/test_auto_c_array.py::TestAutoCArray::test_auto_c_array_no_type_fail[c_byte]:&#10;&#10;  - during reuse phase (0.00 seconds):&#10;    - Typical runtimes: ~ 1ms, ~ 41% in data generation&#10;    - 1 passing examples, 0 failing examples, 0 invalid examples&#10;&#10;  - during generate phase (0.25 seconds):&#10;    - Typical runtimes: 0-2 ms, ~ 65% in data generation&#10;    - 99 passing examples, 0 failing examples, 5 invalid examples&#10;&#10;  - Stopped because settings.max_examples=100" /></properties></testcase><testcase classname="tests.unittests.test_auto_c_array.TestAutoCArray" name="test_auto_c_array_no_type_fail[c_ubyte]" time="0.311"><properties><property name="hypothesis-stats" value="tests/unittests/test_auto_c_array.py::TestAutoCArray::test_auto_c_array_no_type_fail[c_ubyte]:&#10;&#10;  - during reuse phase (0.00 seconds):&#10;    - Typical runtimes: ~ 1ms, ~ 36% in data generation&#10;    - 1 passing examples, 0 failing examples, 0 invalid examples&#10;&#10;  - during generate phase (0.30 seconds):&#10;    - Typical runtimes: 0-3 ms, ~ 66% in data generation&#10;    - 99 passing examples, 0 failing examples, 5 invalid examples&#10;&#10;  - Stopped because settings.max_examples=100" /></properties></testcase><testcase classname="tests.unittests.test_auto_c_array.TestAutoCArray" name="test_auto_c_array_no_type_fail[c_long]" time="0.309"><properties><property name="hypothesis-stats" value="tests/unittests/test_auto_c_array.py::TestAutoCArray::test_auto_c_array_no_type_fail[c_long]:&#10;&#10;  - during reuse phase (0.00 seconds):&#10;    - Typical runtimes: &lt; 1ms, ~ 46% in data generation&#10;    - 1 passing examples, 0 failing examples, 0 invalid examples&#10;&#10;  - during generate phase (0.30 seconds):&#10;    - Typical runtimes: 0-3 ms, ~ 66% in data generation&#10;    - 99 passing examples, 0 failing examples, 2 invalid examples&#10;&#10;  - Stopped because settings.max_examples=100" /></properties></testcase><testcase classname="tests.unittests.test_auto_c_array.TestAutoCArray" name="test_auto_c_array_no_type_fail[c_char]" time="0.315"><properties><property name="hypothesis-stats" value="tests/unittests/test_auto_c_array.py::TestAutoCArray::test_auto_c_array_no_type_fail[c_char]:&#10;&#10;  - during reuse phase (0.00 seconds):&#10;    - Typical runtimes: &lt; 1ms, ~ 48% in data generation&#10;    - 1 passing examples, 0 failing examples, 0 invalid examples&#10;&#10;  - during generate phase (0.31 seconds):&#10;    - Typical runtimes: 0-3 ms, ~ 65% in data generation&#10;    - 99 passing examples, 0 failing examples, 3 invalid examples&#10;&#10;  - Stopped because settings.max_examples=100" /></properties></testcase><testcase classname="tests.unittests.test_daemon.TestPycryptokiDaemon" name="test_simple_connect" time="3.096" /><testcase classname="tests.unittests.test_daemon.TestPycryptokiDaemon" name="test_attribute_delivery" time="3.117" /><testcase classname="tests.unittests.test_dll_singleton.TestDllSingleton" name="test_simple_singleton" time="0.005" /><testcase classname="tests.unittests.test_dll_singleton.TestDllSingleton" name="test_from_path_singleton_simple" time="0.010" /><testcase classname="tests.unittests.test_dll_singleton.TestDllSingleton" name="test_from_path_singleton_multiple_same" time="0.001" /><testcase classname="tests.unittests.test_dll_singleton.TestDllSingleton" name="test_from_path_singleton_multiple_diff" time="0.002" /><testcase classname="tests.unittests.test_encryption.TestEncryption" name="test_split_string_into_list" time="0.360"><properties><property name="hypothesis-stats" value="tests/unittests/test_encryption.py::TestEncryption::test_split_string_into_list:&#10;&#10;  - during reuse phase (0.01 seconds):&#10;    - Typical runtimes: 2-3 ms, ~ 62% in data generation&#10;    - 2 passing examples, 0 failing examples, 0 invalid examples&#10;&#10;  - during generate phase (0.34 seconds):&#10;    - Typical runtimes: 0-2 ms, ~ 67% in data generation&#10;    - 98 passing examples, 0 failing examples, 6 invalid examples&#10;&#10;  - Stopped because settings.max_examples=100" /></properties></testcase><testcase classname="tests.unittests.test_encryption.TestEncryption" name="test_get_string_from_list" time="0.999"><properties><property name="hypothesis-stats" value="tests/unittests/test_encryption.py::TestEncryption::test_get_string_from_list:&#10;&#10;  - during reuse phase (0.00 seconds):&#10;    - Typical runtimes: 0-1 ms, ~ 61% in data generation&#10;    - 2 passing examples, 0 failing examples, 0 invalid examples&#10;&#10;  - during generate phase (0.99 seconds):&#10;    - Typical runtimes: 0-14 ms, ~ 87% in data generation&#10;    - 98 passing examples, 0 failing examples, 2 invalid examples&#10;&#10;  - Stopped because settings.max_examples=100" /></properties></testcase><testcase classname="tests.unittests.test_mechanisms.TestMechanisms" name="test_missing_params[XTS]" time="0.002" /><testcase classname="tests.unittests.test_mechanisms.TestMechanisms" name="test_missing_params[RC2]" time="0.001" /><testcase classname="tests.unittests.test_mechanisms.TestMechanisms" name="test_missing_params[RC2_CBC]" time="0.001" /><testcase classname="tests.unittests.test_mechanisms.TestMechanisms" name="test_missing_params[RC5]" time="0.001" /><testcase classname="tests.unittests.test_mechanisms.TestMechanisms" name="test_missing_params[RC5_CBC]" time="0.001" /><testcase classname="tests.unittests.test_mechanisms.TestMechanisms" name="test_missing_params[RSA_PKCS_OAEP]" time="0.001" /><testcase classname="tests.unittests.test_mechanisms.TestMechanisms" name="test_auto_mechanism_simple_vals" time="0.001" /><testcase classname="tests.unittests.test_mechanisms.TestMechanisms" name="test_null_mechanism_indirect_instantiation" time="0.001" /><testcase classname="tests.unittests.test_mechanisms.TestMechanisms" name="test_exact_mechanism_use" time="0.001" /><testcase classname="tests.unittests.test_mechanisms.TestMechanisms" name="test_mech_conversions[AES_XTS]" time="0.001" /><testcase classname="tests.unittests.test_mechanisms.TestMechanisms" name="test_mech_conversions[DES3]" time="0.001" /><testcase classname="tests.unittests.test_mechanisms.TestMechanisms" name="test_mech_conversions[AES_CBC]" time="0.001" /><testcase classname="tests.unittests.test_mechanisms.TestMechanisms" name="test_mech_conversions[RC2_ECB]" time="0.001" /><testcase classname="tests.unittests.test_mechanisms.TestMechanisms" name="test_mech_conversions[RC2_CBC]" time="0.001" /><testcase classname="tests.unittests.test_mechanisms.TestMechanisms" name="test_mech_conversions[RC5_ECB]" time="0.001" /><testcase classname="tests.unittests.test_mechanisms.TestMechanisms" name="test_mech_conversions[RC5_CBC]" time="0.001" /><testcase classname="tests.unittests.test_mechanisms.TestMechanisms" name="test_mech_conversions[RSA_OAEP]" time="0.001" /><testcase classname="tests.unittests.test_mechanisms.TestMechanisms" name="test_mech_conversions[AES_GCM]" time="0.001" /><testcase classname="tests.unittests.test_mechanisms.TestMechanisms" name="test_mech_conversions[RSA_PSS]" time="0.001" /><testcase classname="tests.unittests.test_mechanisms.TestMechanisms" name="test_default_iv_params" time="0.001" /><testcase classname="tests.unittests.test_mechanisms.TestMechanisms" name="test_default_iv6_params" time="0.001" /><testcase classname="tests.unittests.test_mechanisms.TestMechanisms" name="test_null_mech[SHA256]" time="0.002" /><testcase classname="tests.unittests.test_mechanisms.TestMechanisms" name="test_null_mech[SHA512]" time="0.002" /><testcase classname="tests.unittests.test_mechanisms.TestMechanisms" name="test_null_mech[DSA]" time="0.001" /><testcase classname="tests.unittests.test_mechanisms.TestMechanisms" name="test_null_mech[RSA_PKCS]" time="0.001" /><testcase classname="tests.unittests.test_mechanisms.TestMechanisms" name="test_no_params_given_automech" time="0.001" /><testcase classname="tests.unittests.test_mechanisms.TestMechanisms" name="test_eddsa_mech[2147486723-None]" time="0.002" /><testcase classname="tests.unittests.test_mechanisms.TestMechanisms" name="test_eddsa_mech[2147486723-params1]" time="0.002" /><testcase classname="tests.unittests.test_mechanisms.TestMechanisms" name="test_eddsa_mech[2147486722-None]" time="0.003" /><testcase classname="tests.unittests.test_mechanisms.TestMechanisms" name="test_eddsa_mech[2147486722-params3]" time="0.001" /><testcase classname="tests.unittests.test_str_helpers" name="test_decode[this is a test string-this is a test string]" time="0.003" /><testcase classname="tests.unittests.test_str_helpers" name="test_decode[\x01#\x82 \x01\xb6\t\xd2\xb6|gN\xcc-0123822001b609d2b67c674ecc]" time="0.002" /><testcase classname="tests.unittests.test_str_helpers" name="test_decode[None-None]" time="0.002" /><testcase classname="tests.unittests.test_str_helpers" name="test_decode[-]" time="0.003" /><testcase classname="tests.unittests.test_str_helpers" name="test_mech_printing[mech0-NullMech(mech_type: CKM_DES_ECB)]" time="0.003" /><testcase classname="tests.unittests.test_str_helpers" name="test_mech_printing[mech1-Iv16Mechanism(mech_type: CKM_AES_CBC,\n              iv: [0, 1, 2, 3, 4, 5, 6, 7])]" time="0.002" /></testsuite></testsuites>